  main.cpp
D:\code\Projet_POKEMON\Projet_POKEMON\main.cpp(5,6): error C2143: erreur de syntaxe : absence de ';' avant 'chaîne'
D:\code\Projet_POKEMON\Projet_POKEMON\main.cpp(5,6): error C4430: spécificateur de type manquant - int est pris en compte par défaut. Remarque : C++ ne prend pas en charge int par défaut
D:\code\Projet_POKEMON\Projet_POKEMON\main.cpp(11,10): error C4430: spécificateur de type manquant - int est pris en compte par défaut. Remarque : C++ ne prend pas en charge int par défaut
D:\code\Projet_POKEMON\Projet_POKEMON\main.cpp(11,5): error C2146: erreur de syntaxe : absence de ';' avant l'identificateur 'push'
D:\code\Projet_POKEMON\Projet_POKEMON\main.cpp(28,2): error C2065: 'cout' : identificateur non déclaré
D:\code\Projet_POKEMON\Projet_POKEMON\main.cpp(32,3): error C2065: 'cout' : identificateur non déclaré
D:\code\Projet_POKEMON\Projet_POKEMON\main.cpp(32,56): error C2065: 'endl' : identificateur non déclaré
D:\code\Projet_POKEMON\Projet_POKEMON\main.cpp(33,3): error C2065: 'cout' : identificateur non déclaré
D:\code\Projet_POKEMON\Projet_POKEMON\main.cpp(33,125): error C2065: 'endl' : identificateur non déclaré
D:\code\Projet_POKEMON\Projet_POKEMON\main.cpp(34,3): error C2065: 'cout' : identificateur non déclaré
D:\code\Projet_POKEMON\Projet_POKEMON\main.cpp(34,60): error C2065: 'endl' : identificateur non déclaré
D:\code\Projet_POKEMON\Projet_POKEMON\main.cpp(35,3): error C2065: 'cout' : identificateur non déclaré
D:\code\Projet_POKEMON\Projet_POKEMON\main.cpp(35,196): error C2065: 'endl' : identificateur non déclaré
D:\code\Projet_POKEMON\Projet_POKEMON\main.cpp(36,3): error C2065: 'cout' : identificateur non déclaré
D:\code\Projet_POKEMON\Projet_POKEMON\main.cpp(36,99): error C2065: 'endl' : identificateur non déclaré
D:\code\Projet_POKEMON\Projet_POKEMON\main.cpp(37,3): error C2065: 'cout' : identificateur non déclaré
D:\code\Projet_POKEMON\Projet_POKEMON\main.cpp(37,68): error C2065: 'endl' : identificateur non déclaré
D:\code\Projet_POKEMON\Projet_POKEMON\main.cpp(38,3): error C2065: 'cout' : identificateur non déclaré
D:\code\Projet_POKEMON\Projet_POKEMON\main.cpp(38,11): error C2065: 'endl' : identificateur non déclaré
D:\code\Projet_POKEMON\Projet_POKEMON\main.cpp(39,3): error C2065: 'cin' : identificateur non déclaré
D:\code\Projet_POKEMON\Projet_POKEMON\main.cpp(43,4): error C2065: 'cout' : identificateur non déclaré
D:\code\Projet_POKEMON\Projet_POKEMON\main.cpp(43,46): error C2065: 'endl' : identificateur non déclaré
D:\code\Projet_POKEMON\Projet_POKEMON\main.cpp(45,4): error C2065: 'cin' : identificateur non déclaré
D:\code\Projet_POKEMON\Projet_POKEMON\main.cpp(51,4): error C2065: 'cout' : identificateur non déclaré
D:\code\Projet_POKEMON\Projet_POKEMON\main.cpp(51,12): error C2065: 'endl' : identificateur non déclaré
D:\code\Projet_POKEMON\Projet_POKEMON\main.cpp(55,4): error C2065: 'cout' : identificateur non déclaré
D:\code\Projet_POKEMON\Projet_POKEMON\main.cpp(55,42): error C2065: 'endl' : identificateur non déclaré
D:\code\Projet_POKEMON\Projet_POKEMON\main.cpp(56,4): error C2065: 'cout' : identificateur non déclaré
D:\code\Projet_POKEMON\Projet_POKEMON\main.cpp(56,12): error C2065: 'endl' : identificateur non déclaré
D:\code\Projet_POKEMON\Projet_POKEMON\main.cpp(60,4): error C2065: 'cout' : identificateur non déclaré
D:\code\Projet_POKEMON\Projet_POKEMON\main.cpp(60,42): error C2065: 'endl' : identificateur non déclaré
D:\code\Projet_POKEMON\Projet_POKEMON\main.cpp(61,4): error C2065: 'cout' : identificateur non déclaré
D:\code\Projet_POKEMON\Projet_POKEMON\main.cpp(61,12): error C2065: 'endl' : identificateur non déclaré
D:\code\Projet_POKEMON\Projet_POKEMON\main.cpp(65,4): error C2065: 'cout' : identificateur non déclaré
D:\code\Projet_POKEMON\Projet_POKEMON\main.cpp(65,42): error C2065: 'endl' : identificateur non déclaré
D:\code\Projet_POKEMON\Projet_POKEMON\main.cpp(66,4): error C2065: 'cout' : identificateur non déclaré
D:\code\Projet_POKEMON\Projet_POKEMON\main.cpp(66,12): error C2065: 'endl' : identificateur non déclaré
D:\code\Projet_POKEMON\Projet_POKEMON\main.cpp(70,4): error C2065: 'cout' : identificateur non déclaré
D:\code\Projet_POKEMON\Projet_POKEMON\main.cpp(70,42): error C2065: 'endl' : identificateur non déclaré
D:\code\Projet_POKEMON\Projet_POKEMON\main.cpp(71,4): error C2065: 'cout' : identificateur non déclaré
D:\code\Projet_POKEMON\Projet_POKEMON\main.cpp(71,12): error C2065: 'endl' : identificateur non déclaré
